<?xml version="1.0" encoding="UTF-8"?>
<!-- Generated by org.testng.reporters.JUnitXMLReporter -->
<testsuite hostname="Mds-MacBook-Air-2.local" ignored="4" name="Command line test" tests="3" failures="2" timestamp="2020-12-06T12:33:33 EST" time="0.114" errors="0">
  <testcase name="f" time="0.0" classname="com.bit.test.BaseTest">
    <failure type="org.testng.TestNGException" message="
Method public void com.bit.test.BaseTest.f(java.lang.Integer,java.lang.String) requires a @DataProvider named : dp">
      <![CDATA[org.testng.TestNGException: 
Method public void com.bit.test.BaseTest.f(java.lang.Integer,java.lang.String) requires a @DataProvider named : dp
at java.util.ArrayList.forEach(ArrayList.java:1259)
... Removed 34 stack frames]]>
    </failure>
  </testcase> <!-- f -->
  <testcase name="f" time="0.0" classname="com.bit.test.BaseTest">
    <failure type="org.testng.TestNGException" message="
Method public void com.bit.test.BaseTest.f(java.lang.Integer,java.lang.String) requires a @DataProvider named : dp">
      <![CDATA[org.testng.TestNGException: 
Method public void com.bit.test.BaseTest.f(java.lang.Integer,java.lang.String) requires a @DataProvider named : dp
at java.util.ArrayList.forEach(ArrayList.java:1259)
... Removed 34 stack frames]]>
    </failure>
  </testcase> <!-- f -->
  <testcase name="test1" time="0.003" classname="com.bit.test.SmokeTest"/>
  <testcase name="@BeforeTest beforeTest" time="0.0" classname="com.bit.test.BaseTest">
    <ignored/>
  </testcase> <!-- @BeforeTest beforeTest -->
  <testcase name="@AfterSuite afterSuite" time="0.0" classname="com.bit.test.BaseTest">
    <ignored/>
  </testcase> <!-- @AfterSuite afterSuite -->
  <testcase name="@BeforeSuite beforeSuite" time="0.0" classname="com.bit.test.BaseTest">
    <ignored/>
  </testcase> <!-- @BeforeSuite beforeSuite -->
  <testcase name="@AfterTest afterTest" time="0.0" classname="com.bit.test.BaseTest">
    <ignored/>
  </testcase> <!-- @AfterTest afterTest -->
</testsuite> <!-- Command line test -->
