<?xml version="1.0" encoding="UTF-8"?>
<testng-results skipped="0" failed="0" ignored="1" total="2" passed="1">
  <reporter-output>
  </reporter-output>
  <suite name="Default suite" duration-ms="62" started-at="2021-01-03T13:29:18 EST" finished-at="2021-01-03T13:29:18 EST">
    <groups>
    </groups>
    <test name="Default test" duration-ms="62" started-at="2021-01-03T13:29:18 EST" finished-at="2021-01-03T13:29:18 EST">
      <class name="com.bit.test.SmokeTest">
        <test-method status="PASS" signature="beforeSuite()[pri:0, instance:com.bit.test.SmokeTest@23faf8f2]" name="beforeSuite" is-config="true" duration-ms="13" started-at="2021-01-03T13:29:18 EST" finished-at="2021-01-03T13:29:18 EST">
          <reporter-output>
          </reporter-output>
        </test-method> <!-- beforeSuite -->
        <test-method status="PASS" signature="beforeTest()[pri:0, instance:com.bit.test.SmokeTest@23faf8f2]" name="beforeTest" is-config="true" duration-ms="0" started-at="2021-01-03T13:29:18 EST" finished-at="2021-01-03T13:29:18 EST">
          <reporter-output>
          </reporter-output>
        </test-method> <!-- beforeTest -->
        <test-method status="PASS" signature="beforeClass()[pri:0, instance:com.bit.test.SmokeTest@23faf8f2]" name="beforeClass" is-config="true" duration-ms="1" started-at="2021-01-03T13:29:18 EST" finished-at="2021-01-03T13:29:18 EST">
          <reporter-output>
          </reporter-output>
        </test-method> <!-- beforeClass -->
        <test-method status="PASS" signature="beforeMethod()[pri:0, instance:com.bit.test.SmokeTest@23faf8f2]" name="beforeMethod" is-config="true" duration-ms="1" started-at="2021-01-03T13:29:18 EST" finished-at="2021-01-03T13:29:18 EST">
          <reporter-output>
          </reporter-output>
        </test-method> <!-- beforeMethod -->
        <test-method status="PASS" signature="test1()[pri:0, instance:com.bit.test.SmokeTest@23faf8f2]" name="test1" duration-ms="8" started-at="2021-01-03T13:29:18 EST" finished-at="2021-01-03T13:29:18 EST">
          <reporter-output>
          </reporter-output>
        </test-method> <!-- test1 -->
        <test-method status="PASS" signature="afterMethod()[pri:0, instance:com.bit.test.SmokeTest@23faf8f2]" name="afterMethod" is-config="true" duration-ms="2" started-at="2021-01-03T13:29:18 EST" finished-at="2021-01-03T13:29:18 EST">
          <reporter-output>
          </reporter-output>
        </test-method> <!-- afterMethod -->
        <test-method status="PASS" signature="afterClass()[pri:0, instance:com.bit.test.SmokeTest@23faf8f2]" name="afterClass" is-config="true" duration-ms="1" started-at="2021-01-03T13:29:18 EST" finished-at="2021-01-03T13:29:18 EST">
          <reporter-output>
          </reporter-output>
        </test-method> <!-- afterClass -->
        <test-method status="PASS" signature="afterTest()[pri:0, instance:com.bit.test.SmokeTest@23faf8f2]" name="afterTest" is-config="true" duration-ms="1" started-at="2021-01-03T13:29:18 EST" finished-at="2021-01-03T13:29:18 EST">
          <reporter-output>
          </reporter-output>
        </test-method> <!-- afterTest -->
        <test-method status="PASS" signature="afterSuite()[pri:0, instance:com.bit.test.SmokeTest@23faf8f2]" name="afterSuite" is-config="true" duration-ms="1" started-at="2021-01-03T13:29:18 EST" finished-at="2021-01-03T13:29:18 EST">
          <reporter-output>
          </reporter-output>
        </test-method> <!-- afterSuite -->
      </class> <!-- com.bit.test.SmokeTest -->
    </test> <!-- Default test -->
  </suite> <!-- Default suite -->
</testng-results>
